2021-09-08 21:58:48.819  INFO 6008 --- [restartedMain] com.db.Application                       : Starting Application on DhruvinPadhara with PID 6008 (F:\practice\Spring_boot\Spring_db_start\target\classes started by Dhruvin Padhara in F:\practice\Spring_boot\Spring_db_start)
2021-09-08 21:58:48.833  INFO 6008 --- [restartedMain] com.db.Application                       : No active profile set, falling back to default profiles: default
2021-09-08 21:58:48.975  INFO 6008 --- [restartedMain] .e.DevToolsPropertyDefaultsPostProcessor : Devtools property defaults active! Set 'spring.devtools.add-properties' to 'false' to disable
2021-09-08 21:58:48.975  INFO 6008 --- [restartedMain] .e.DevToolsPropertyDefaultsPostProcessor : For additional web related logging consider setting the 'logging.level.web' property to 'DEBUG'
2021-09-08 21:58:53.971  INFO 6008 --- [restartedMain] .s.d.r.c.RepositoryConfigurationDelegate : Bootstrapping Spring Data JPA repositories in DEFAULT mode.
2021-09-08 21:58:54.283  INFO 6008 --- [restartedMain] .s.d.r.c.RepositoryConfigurationDelegate : Finished Spring Data repository scanning in 263ms. Found 1 JPA repository interfaces.
2021-09-08 21:59:00.064  INFO 6008 --- [restartedMain] o.s.b.w.embedded.tomcat.TomcatWebServer  : Tomcat initialized with port(s): 8081 (http)
2021-09-08 21:59:00.147  INFO 6008 --- [restartedMain] o.apache.catalina.core.StandardService   : Starting service [Tomcat]
2021-09-08 21:59:00.148  INFO 6008 --- [restartedMain] org.apache.catalina.core.StandardEngine  : Starting Servlet engine: [Apache Tomcat/9.0.36]
2021-09-08 21:59:00.758  INFO 6008 --- [restartedMain] org.apache.jasper.servlet.TldScanner     : At least one JAR was scanned for TLDs yet contained no TLDs. Enable debug logging for this logger for a complete list of JARs that were scanned but no TLDs were found in them. Skipping unneeded JARs during scanning can improve startup time and JSP compilation time.
2021-09-08 21:59:01.081  INFO 6008 --- [restartedMain] o.a.c.c.C.[Tomcat].[localhost].[/]       : Initializing Spring embedded WebApplicationContext
2021-09-08 21:59:01.082  INFO 6008 --- [restartedMain] w.s.c.ServletWebServerApplicationContext : Root WebApplicationContext: initialization completed in 12090 ms
2021-09-08 21:59:02.050  INFO 6008 --- [restartedMain] o.hibernate.jpa.internal.util.LogHelper  : HHH000204: Processing PersistenceUnitInfo [name: default]
2021-09-08 21:59:02.552  INFO 6008 --- [restartedMain] org.hibernate.Version                    : HHH000412: Hibernate ORM core version 5.4.17.Final
2021-09-08 21:59:03.419  INFO 6008 --- [restartedMain] o.hibernate.annotations.common.Version   : HCANN000001: Hibernate Commons Annotations {5.1.0.Final}
2021-09-08 21:59:04.088  INFO 6008 --- [restartedMain] com.zaxxer.hikari.HikariDataSource       : HikariPool-1 - Starting...
2021-09-08 21:59:05.279  INFO 6008 --- [restartedMain] com.zaxxer.hikari.HikariDataSource       : HikariPool-1 - Start completed.
2021-09-08 21:59:05.434  INFO 6008 --- [restartedMain] org.hibernate.dialect.Dialect            : HHH000400: Using dialect: org.hibernate.dialect.MySQL55Dialect
2021-09-08 21:59:10.232  INFO 6008 --- [restartedMain] o.h.e.t.j.p.i.JtaPlatformInitiator       : HHH000490: Using JtaPlatform implementation: [org.hibernate.engine.transaction.jta.platform.internal.NoJtaPlatform]
2021-09-08 21:59:10.286  INFO 6008 --- [restartedMain] j.LocalContainerEntityManagerFactoryBean : Initialized JPA EntityManagerFactory for persistence unit 'default'
2021-09-08 21:59:10.386  INFO 6008 --- [restartedMain] o.s.b.d.a.OptionalLiveReloadServer       : LiveReload server is running on port 35729
2021-09-08 21:59:12.008  WARN 6008 --- [restartedMain] JpaBaseConfiguration$JpaWebConfiguration : spring.jpa.open-in-view is enabled by default. Therefore, database queries may be performed during view rendering. Explicitly configure spring.jpa.open-in-view to disable this warning
2021-09-08 21:59:12.408  INFO 6008 --- [restartedMain] o.s.s.concurrent.ThreadPoolTaskExecutor  : Initializing ExecutorService 'applicationTaskExecutor'
2021-09-08 21:59:12.821  INFO 6008 --- [restartedMain] o.s.b.a.w.s.WelcomePageHandlerMapping    : Adding welcome page template: index
2021-09-08 21:59:13.302  INFO 6008 --- [restartedMain] o.s.b.w.embedded.tomcat.TomcatWebServer  : Tomcat started on port(s): 8081 (http) with context path ''
2021-09-08 21:59:13.305  INFO 6008 --- [restartedMain] com.db.Application                       : Started Application in 26.653 seconds (JVM running for 30.435)
2021-09-08 21:59:33.319  INFO 6008 --- [http-nio-8081-exec-1] o.a.c.c.C.[Tomcat].[localhost].[/]       : Initializing Spring DispatcherServlet 'dispatcherServlet'
2021-09-08 21:59:33.322  INFO 6008 --- [http-nio-8081-exec-1] o.s.web.servlet.DispatcherServlet        : Initializing Servlet 'dispatcherServlet'
2021-09-08 21:59:33.371  INFO 6008 --- [http-nio-8081-exec-1] o.s.web.servlet.DispatcherServlet        : Completed initialization in 49 ms
2021-09-08 22:09:44.942  INFO 6008 --- [Thread-4] o.s.s.concurrent.ThreadPoolTaskExecutor  : Shutting down ExecutorService 'applicationTaskExecutor'
2021-09-08 22:09:44.943  INFO 6008 --- [Thread-4] j.LocalContainerEntityManagerFactoryBean : Closing JPA EntityManagerFactory for persistence unit 'default'
2021-09-08 22:09:44.951  INFO 6008 --- [Thread-4] com.zaxxer.hikari.HikariDataSource       : HikariPool-1 - Shutdown initiated...
2021-09-08 22:09:44.977  INFO 6008 --- [Thread-4] com.zaxxer.hikari.HikariDataSource       : HikariPool-1 - Shutdown completed.
2021-09-08 22:09:45.723  INFO 6008 --- [restartedMain] com.db.Application                       : Starting Application on DhruvinPadhara with PID 6008 (F:\practice\Spring_boot\Spring_db_start\target\classes started by Dhruvin Padhara in F:\practice\Spring_boot\Spring_db_start)
2021-09-08 22:09:45.724  INFO 6008 --- [restartedMain] com.db.Application                       : No active profile set, falling back to default profiles: default
2021-09-08 22:09:46.172  INFO 6008 --- [restartedMain] .s.d.r.c.RepositoryConfigurationDelegate : Bootstrapping Spring Data JPA repositories in DEFAULT mode.
2021-09-08 22:09:46.183  INFO 6008 --- [restartedMain] .s.d.r.c.RepositoryConfigurationDelegate : Finished Spring Data repository scanning in 10ms. Found 1 JPA repository interfaces.
2021-09-08 22:09:46.436  INFO 6008 --- [restartedMain] o.s.b.w.embedded.tomcat.TomcatWebServer  : Tomcat initialized with port(s): 8081 (http)
2021-09-08 22:09:46.439  INFO 6008 --- [restartedMain] o.apache.catalina.core.StandardService   : Starting service [Tomcat]
2021-09-08 22:09:46.439  INFO 6008 --- [restartedMain] org.apache.catalina.core.StandardEngine  : Starting Servlet engine: [Apache Tomcat/9.0.36]
2021-09-08 22:09:46.651  INFO 6008 --- [restartedMain] org.apache.jasper.servlet.TldScanner     : At least one JAR was scanned for TLDs yet contained no TLDs. Enable debug logging for this logger for a complete list of JARs that were scanned but no TLDs were found in them. Skipping unneeded JARs during scanning can improve startup time and JSP compilation time.
2021-09-08 22:09:46.652  INFO 6008 --- [restartedMain] o.a.c.c.C.[Tomcat].[localhost].[/]       : Initializing Spring embedded WebApplicationContext
2021-09-08 22:09:46.653  INFO 6008 --- [restartedMain] w.s.c.ServletWebServerApplicationContext : Root WebApplicationContext: initialization completed in 923 ms
2021-09-08 22:09:46.714  INFO 6008 --- [restartedMain] o.hibernate.jpa.internal.util.LogHelper  : HHH000204: Processing PersistenceUnitInfo [name: default]
2021-09-08 22:09:46.722  INFO 6008 --- [restartedMain] com.zaxxer.hikari.HikariDataSource       : HikariPool-2 - Starting...
2021-09-08 22:09:46.728  INFO 6008 --- [restartedMain] com.zaxxer.hikari.HikariDataSource       : HikariPool-2 - Start completed.
2021-09-08 22:09:46.729  INFO 6008 --- [restartedMain] org.hibernate.dialect.Dialect            : HHH000400: Using dialect: org.hibernate.dialect.MySQL55Dialect
2021-09-08 22:09:46.946  INFO 6008 --- [restartedMain] o.h.e.t.j.p.i.JtaPlatformInitiator       : HHH000490: Using JtaPlatform implementation: [org.hibernate.engine.transaction.jta.platform.internal.NoJtaPlatform]
2021-09-08 22:09:46.947  INFO 6008 --- [restartedMain] j.LocalContainerEntityManagerFactoryBean : Initialized JPA EntityManagerFactory for persistence unit 'default'
2021-09-08 22:09:46.956  INFO 6008 --- [restartedMain] o.s.b.d.a.OptionalLiveReloadServer       : LiveReload server is running on port 35729
2021-09-08 22:09:47.074  WARN 6008 --- [restartedMain] JpaBaseConfiguration$JpaWebConfiguration : spring.jpa.open-in-view is enabled by default. Therefore, database queries may be performed during view rendering. Explicitly configure spring.jpa.open-in-view to disable this warning
2021-09-08 22:09:47.126  INFO 6008 --- [restartedMain] o.s.s.concurrent.ThreadPoolTaskExecutor  : Initializing ExecutorService 'applicationTaskExecutor'
2021-09-08 22:09:47.153  INFO 6008 --- [restartedMain] o.s.b.a.w.s.WelcomePageHandlerMapping    : Adding welcome page template: index
2021-09-08 22:09:47.240  INFO 6008 --- [restartedMain] o.s.b.w.embedded.tomcat.TomcatWebServer  : Tomcat started on port(s): 8081 (http) with context path ''
2021-09-08 22:09:47.242  INFO 6008 --- [restartedMain] com.db.Application                       : Started Application in 1.582 seconds (JVM running for 664.371)
2021-09-08 22:09:47.245  INFO 6008 --- [restartedMain] .ConditionEvaluationDeltaLoggingListener : Condition evaluation unchanged
2021-09-08 22:10:23.736  INFO 6008 --- [http-nio-8081-exec-1] o.a.c.c.C.[Tomcat].[localhost].[/]       : Initializing Spring DispatcherServlet 'dispatcherServlet'
2021-09-08 22:10:23.737  INFO 6008 --- [http-nio-8081-exec-1] o.s.web.servlet.DispatcherServlet        : Initializing Servlet 'dispatcherServlet'
2021-09-08 22:10:23.742  INFO 6008 --- [http-nio-8081-exec-1] o.s.web.servlet.DispatcherServlet        : Completed initialization in 4 ms
